Apr 04, 2017 1:17:14 PM node.Node1 <init>
SEVERE: Node 2 started -- 2017.04.04_13:17:14
Apr 04, 2017 1:17:34 PM node.Node1 log
FINEST: prepare
Apr 04, 2017 1:17:34 PM node.Node1 log
FINEST: yes
Apr 04, 2017 1:17:35 PM node.Node1 log
FINEST: insert
Apr 04, 2017 1:17:35 PM node.Node1 log
FINEST: ack
Apr 04, 2017 1:17:36 PM node.Node1 log
FINEST: done
Apr 04, 2017 1:17:36 PM node.Node1 log
FINEST: ack
Apr 04, 2017 1:24:17 PM node.Node1 <init>
SEVERE: 
Node 2 started -- 2017.04.04_13:24:17
Apr 04, 2017 1:25:42 PM node.Node1 log
FINEST: Transaction manager: prepare
Apr 04, 2017 1:25:42 PM node.Node1 log
FINEST: Station: yes
Apr 04, 2017 1:25:43 PM node.Node1 log
FINEST: Transaction manager: INSERT
Apr 04, 2017 1:25:43 PM node.Node1 log
FINEST: Station: nck
Apr 04, 2017 1:25:44 PM node.Node1 log
FINEST: Transaction manager: prepare
Apr 04, 2017 1:25:44 PM node.Node1 log
FINEST: Station: yes
Apr 04, 2017 1:25:45 PM node.Node1 log
FINEST: Transaction manager: INTO
Apr 04, 2017 1:25:45 PM node.Node1 log
FINEST: Station: yes
Apr 04, 2017 1:31:28 PM node.Node1 <init>
SEVERE: Node 2 started -- 2017.04.04_13:31:28
Apr 04, 2017 1:32:12 PM node.Node1 log
FINEST: Transaction manager: prepare
Apr 04, 2017 1:32:12 PM node.Node1 log
FINEST: Station: yes
Apr 04, 2017 1:32:13 PM node.Node1 log
FINEST: Transaction manager: INSERT
Apr 04, 2017 1:32:13 PM node.Node1 log
FINEST: Station: nck
Apr 04, 2017 1:32:14 PM node.Node1 log
FINEST: Transaction manager: prepare
Apr 04, 2017 1:32:14 PM node.Node1 log
FINEST: Station: yes
Apr 04, 2017 1:37:21 PM node.Node1 <init>
SEVERE: Node 2 started -- 2017.04.04_13:37:21
Apr 04, 2017 1:37:35 PM node.Node1 log
FINEST: Transaction manager: prepare
Apr 04, 2017 1:37:36 PM node.Node1 log
FINEST: Station: yes
Apr 04, 2017 1:39:31 PM node.Node1 <init>
SEVERE: Node 2 started -- 2017.04.04_13:39:31
Apr 04, 2017 1:39:54 PM node.Node1 log
FINEST: Transaction manager: prepare
Apr 04, 2017 1:39:55 PM node.Node1 log
FINEST: Station: yes
Apr 04, 2017 1:40:31 PM node.Node1 <init>
SEVERE: Node 2 started -- 2017.04.04_13:40:31
Apr 04, 2017 1:41:08 PM node.Node1 <init>
SEVERE: Node 2 started -- 2017.04.04_13:41:08
Apr 04, 2017 1:41:24 PM node.Node1 log
FINEST: Transaction manager: prepare
Apr 04, 2017 1:41:24 PM node.Node1 log
FINEST: Station: yes
Apr 04, 2017 1:41:25 PM node.Node1 log
FINEST: Transaction manager: INSERT
Apr 04, 2017 1:41:25 PM node.Node1 log
FINEST: Station: nck
Apr 04, 2017 1:41:26 PM node.Node1 log
FINEST: Transaction manager: prepare
Apr 04, 2017 1:41:26 PM node.Node1 log
FINEST: Station: yes
Apr 04, 2017 1:41:27 PM node.Node1 log
FINEST: Transaction manager: INTO
Apr 04, 2017 1:41:27 PM node.Node1 log
FINEST: Station: yes
Apr 04, 2017 1:45:39 PM node.Node1 <init>
SEVERE: Node 2 started -- 2017.04.04_13:45:39
Apr 04, 2017 1:46:13 PM node.Node1 log
FINEST: Transaction manager: prepare
Apr 04, 2017 1:46:14 PM node.Node1 log
FINEST: Station: yes
Apr 04, 2017 1:46:15 PM node.Node1 log
FINEST: Transaction manager: INSERT INTO schueler (ID,NAME,AGE,class) VALUES (1, 'Kocsis Patrick', 20, '5BHIT' );
Apr 04, 2017 1:46:15 PM node.Node1 log
FINEST: Station: ack
Apr 04, 2017 1:46:16 PM node.Node1 log
FINEST: Transaction manager: done
Apr 04, 2017 1:46:16 PM node.Node1 log
FINEST: Station: ack
Apr 04, 2017 1:52:00 PM node.Node1 <init>
SEVERE: Node 2 started -- 2017.04.04_13:52:00
Apr 04, 2017 1:52:10 PM node.Node1 log
FINEST: Transaction manager: prepare
Apr 04, 2017 1:52:10 PM node.Node1 log
FINEST: Station: yes
Apr 04, 2017 1:52:11 PM node.Node1 log
FINEST: Transaction manager: INSERT INTO schueler (ID,NAME,AGE,class) VALUES (2, 'steinwender Jan-Philipp', 19, '5bhit' );
Apr 04, 2017 1:52:11 PM node.Node1 log
FINEST: Station: ack
Apr 04, 2017 1:52:12 PM node.Node1 log
FINEST: Transaction manager: done
Apr 04, 2017 1:53:13 PM node.Node1 <init>
SEVERE: Node 2 started -- 2017.04.04_13:53:13
Apr 04, 2017 1:53:32 PM node.Node1 log
FINEST: Transaction manager: prepare
Apr 04, 2017 1:53:32 PM node.Node1 log
FINEST: Station: yes
Apr 04, 2017 1:53:33 PM node.Node1 log
FINEST: Transaction manager: INSERT INTO schueler (ID,NAME,AGE,class) VALUES (2, 'steinwender Jan-Philipp', 19, '5bhit' );
Apr 04, 2017 1:53:33 PM node.Node1 log
FINEST: Station: nck
Apr 04, 2017 1:53:34 PM node.Node1 log
FINEST: Transaction manager: done
Apr 04, 2017 2:02:56 PM node.Node1 <init>
SEVERE: Node 2 started -- 2017.04.04_14:02:56
Apr 04, 2017 2:03:12 PM node.Node1 log
FINEST: Transaction manager: prepare
Apr 04, 2017 2:03:12 PM node.Node1 log
FINEST: Station: yes
Apr 04, 2017 2:03:13 PM node.Node1 log
FINEST: Transaction manager: INSERT INTO schueler (ID,NAME,AGE,class) VALUES (2, 'steinwender Jan-Philipp', 19, '5bhit' );
Apr 04, 2017 2:03:13 PM node.Node1 log
FINEST: Station: nck
Apr 04, 2017 2:04:06 PM node.Node1 <init>
SEVERE: Node 2 started -- 2017.04.04_14:04:06
Apr 04, 2017 2:04:19 PM node.Node1 log
FINEST: Transaction manager: prepare
Apr 04, 2017 2:04:20 PM node.Node1 log
FINEST: Station: yes
Apr 04, 2017 2:04:21 PM node.Node1 log
FINEST: Transaction manager: INSERT INTO schueler (ID,NAME,AGE,class) VALUES (2, 'steinwender Jan-Philipp', 19, '5bhit' );
Apr 04, 2017 2:04:21 PM node.Node1 log
FINEST: Station: nck
Apr 04, 2017 2:04:22 PM node.Node1 log
FINEST: Transaction manager: done
Apr 04, 2017 2:05:41 PM node.Node1 <init>
SEVERE: Node 2 started -- 2017.04.04_14:05:41
Apr 04, 2017 2:05:54 PM node.Node1 log
FINEST: Transaction manager: prepare
Apr 04, 2017 2:05:54 PM node.Node1 log
FINEST: Station: yes
Apr 04, 2017 2:05:55 PM node.Node1 log
FINEST: Transaction manager: INSERT INTO schueler (ID,NAME,AGE,class) VALUES (2, 'steinwender Jan-Philipp', 19);
Apr 04, 2017 2:05:55 PM node.Node1 log
FINEST: Station: nck
Apr 04, 2017 2:07:56 PM node.Node1 <init>
SEVERE: Node 2 started -- 2017.04.04_14:07:56
Apr 04, 2017 2:08:11 PM node.Node1 log
FINEST: Transaction manager: prepare
Apr 04, 2017 2:08:11 PM node.Node1 log
FINEST: Station: yes
Apr 04, 2017 2:08:12 PM node.Node1 log
FINEST: Transaction manager: INSERT INTO schueler 2, 'steinwender Jan-Philipp', 19, '5bhit' ;
Apr 04, 2017 2:08:12 PM node.Node1 log
FINEST: Station: nck
Apr 04, 2017 2:08:13 PM node.Node1 log
FINEST: Transaction manager: done
Apr 04, 2017 2:22:25 PM node.Node1 <init>
SEVERE: Node 2 started -- 2017.04.04_14:22:25
Apr 04, 2017 2:23:06 PM node.Node1 log
FINEST: Transaction manager: prepare
Apr 04, 2017 2:23:06 PM node.Node1 log
FINEST: Station: yes
Apr 04, 2017 2:23:43 PM node.Node1 <init>
SEVERE: Node 2 started -- 2017.04.04_14:23:43
Apr 04, 2017 2:24:02 PM node.Node1 log
FINEST: Transaction manager: prepare
Apr 04, 2017 2:24:02 PM node.Node1 log
FINEST: Station: yes
Apr 04, 2017 2:26:47 PM node.Node1 <init>
SEVERE: Node 2 started -- 2017.04.04_14:26:47
Apr 04, 2017 2:27:10 PM node.Node1 log
FINEST: Transaction manager: prepare
Apr 04, 2017 2:27:10 PM node.Node1 log
FINEST: Station: yes
Apr 04, 2017 2:27:11 PM node.Node1 log
FINEST: Transaction manager: INSERT INTO schueler (ID,NAME,AGE,class) VALUES (5, 'steinwender Jan-Philipp', 19, '5bhit' );
Apr 04, 2017 2:27:11 PM node.Node1 log
FINEST: Station: ack
Apr 04, 2017 2:27:12 PM node.Node1 log
FINEST: Transaction manager: done
Apr 04, 2017 2:29:19 PM node.Node1 <init>
SEVERE: Node 2 started -- 2017.04.04_14:29:19
Apr 04, 2017 2:29:30 PM node.Node1 <init>
SEVERE: Node 2 started -- 2017.04.04_14:29:30
Apr 04, 2017 2:29:48 PM node.Node1 log
FINEST: Transaction manager: prepare
Apr 04, 2017 2:29:48 PM node.Node1 log
FINEST: Station: yes
Apr 04, 2017 2:30:11 PM node.Node1 <init>
SEVERE: Node 2 started -- 2017.04.04_14:30:11
Apr 04, 2017 2:30:25 PM node.Node1 log
FINEST: Transaction manager: prepare
Apr 04, 2017 2:30:25 PM node.Node1 log
FINEST: Station: yes
Apr 04, 2017 2:30:53 PM node.Node1 <init>
SEVERE: Node 2 started -- 2017.04.04_14:30:53
Apr 04, 2017 2:31:09 PM node.Node1 log
FINEST: Transaction manager: prepare
Apr 04, 2017 2:31:10 PM node.Node1 log
FINEST: Station: yes
Apr 04, 2017 2:31:11 PM node.Node1 log
FINEST: Transaction manager: INSERT INTO schueler (ID,NAME,AGE,class) VALUES (8, 'steinwender Jan-Philipp', 19, '5bhit' );
Apr 04, 2017 2:31:11 PM node.Node1 log
FINEST: Station: ack
Apr 04, 2017 2:31:12 PM node.Node1 log
FINEST: Transaction manager: done
