Apr 04, 2017 1:16:52 PM node.Node1 <init>
SEVERE: Node 1 started -- 2017.04.04_13:16:52
Apr 04, 2017 1:17:04 PM node.Node1 <init>
SEVERE: Node 1 started -- 2017.04.04_13:17:04
Apr 04, 2017 1:17:34 PM node.Node1 log
FINEST: prepare
Apr 04, 2017 1:17:34 PM node.Node1 log
FINEST: yes
Apr 04, 2017 1:17:35 PM node.Node1 log
FINEST: insert
Apr 04, 2017 1:17:35 PM node.Node1 log
FINEST: ack
Apr 04, 2017 1:17:36 PM node.Node1 log
FINEST: done
Apr 04, 2017 1:17:36 PM node.Node1 log
FINEST: ack
Apr 04, 2017 1:23:32 PM node.Node1 <init>
SEVERE: Node 1 started -- 2017.04.04_13:23:32
Apr 04, 2017 1:25:42 PM node.Node1 log
FINEST: Transaction manager: prepare
Apr 04, 2017 1:25:42 PM node.Node1 log
FINEST: Station: yes
Apr 04, 2017 1:25:43 PM node.Node1 log
FINEST: Transaction manager: INSERT
Apr 04, 2017 1:25:43 PM node.Node1 log
FINEST: Station: nck
Apr 04, 2017 1:25:44 PM node.Node1 log
FINEST: Transaction manager: prepare
Apr 04, 2017 1:25:44 PM node.Node1 log
FINEST: Station: yes
Apr 04, 2017 1:25:45 PM node.Node1 log
FINEST: Transaction manager: INTO
Apr 04, 2017 1:25:45 PM node.Node1 log
FINEST: Station: yes
Apr 04, 2017 1:31:34 PM node.Node1 <init>
SEVERE: Node 1 started -- 2017.04.04_13:31:34
Apr 04, 2017 1:32:12 PM node.Node1 log
FINEST: Transaction manager: prepare
Apr 04, 2017 1:32:12 PM node.Node1 log
FINEST: Station: yes
Apr 04, 2017 1:32:13 PM node.Node1 log
FINEST: Transaction manager: INSERT
Apr 04, 2017 1:32:13 PM node.Node1 log
FINEST: Station: nck
Apr 04, 2017 1:37:14 PM node.Node1 <init>
SEVERE: Node 1 started -- 2017.04.04_13:37:14
Apr 04, 2017 1:37:35 PM node.Node1 log
FINEST: Transaction manager: prepare
Apr 04, 2017 1:37:36 PM node.Node1 log
FINEST: Station: yes
Apr 04, 2017 1:37:37 PM node.Node1 log
FINEST: Transaction manager: INSERT
Apr 04, 2017 1:37:37 PM node.Node1 log
FINEST: Station: nck
Apr 04, 2017 1:39:37 PM node.Node1 <init>
SEVERE: Node 1 started -- 2017.04.04_13:39:37
Apr 04, 2017 1:39:54 PM node.Node1 log
FINEST: Transaction manager: prepare
Apr 04, 2017 1:39:55 PM node.Node1 log
FINEST: Station: yes
Apr 04, 2017 1:39:56 PM node.Node1 log
FINEST: Transaction manager: prepare
Apr 04, 2017 1:39:56 PM node.Node1 log
FINEST: Station: yes
Apr 04, 2017 1:40:25 PM node.Node1 <init>
SEVERE: Node 1 started -- 2017.04.04_13:40:25
Apr 04, 2017 1:41:15 PM node.Node1 <init>
SEVERE: Node 1 started -- 2017.04.04_13:41:15
Apr 04, 2017 1:41:24 PM node.Node1 log
FINEST: Transaction manager: prepare
Apr 04, 2017 1:41:24 PM node.Node1 log
FINEST: Station: yes
Apr 04, 2017 1:41:25 PM node.Node1 log
FINEST: Transaction manager: INSERT
Apr 04, 2017 1:41:25 PM node.Node1 log
FINEST: Station: nck
Apr 04, 2017 1:41:26 PM node.Node1 log
FINEST: Transaction manager: prepare
Apr 04, 2017 1:41:26 PM node.Node1 log
FINEST: Station: yes
Apr 04, 2017 1:41:27 PM node.Node1 log
FINEST: Transaction manager: INTO
Apr 04, 2017 1:41:27 PM node.Node1 log
FINEST: Station: yes
Apr 04, 2017 1:45:34 PM node.Node1 <init>
SEVERE: Node 1 started -- 2017.04.04_13:45:34
Apr 04, 2017 1:46:13 PM node.Node1 log
FINEST: Transaction manager: prepare
Apr 04, 2017 1:46:14 PM node.Node1 log
FINEST: Station: yes
Apr 04, 2017 1:46:15 PM node.Node1 log
FINEST: Transaction manager: INSERT INTO schueler (ID,NAME,AGE,class) VALUES (1, 'Kocsis Patrick', 20, '5BHIT' );
Apr 04, 2017 1:46:15 PM node.Node1 log
FINEST: Station: ack
Apr 04, 2017 1:46:16 PM node.Node1 log
FINEST: Transaction manager: done
Apr 04, 2017 1:46:16 PM node.Node1 log
FINEST: Station: ack
Apr 04, 2017 1:51:55 PM node.Node1 <init>
SEVERE: Node 1 started -- 2017.04.04_13:51:55
Apr 04, 2017 1:52:10 PM node.Node1 log
FINEST: Transaction manager: prepare
Apr 04, 2017 1:52:10 PM node.Node1 log
FINEST: Station: yes
Apr 04, 2017 1:52:11 PM node.Node1 log
FINEST: Transaction manager: INSERT INTO schueler (ID,NAME,AGE,class) VALUES (2, 'steinwender Jan-Philipp', 19, '5bhit' );
Apr 04, 2017 1:52:11 PM node.Node1 log
FINEST: Station: ack
Apr 04, 2017 1:52:12 PM node.Node1 log
FINEST: Transaction manager: done
Apr 04, 2017 1:53:19 PM node.Node1 <init>
SEVERE: Node 1 started -- 2017.04.04_13:53:19
Apr 04, 2017 1:53:32 PM node.Node1 log
FINEST: Transaction manager: prepare
Apr 04, 2017 1:53:32 PM node.Node1 log
FINEST: Station: yes
Apr 04, 2017 1:53:33 PM node.Node1 log
FINEST: Transaction manager: INSERT INTO schueler (ID,NAME,AGE,class) VALUES (2, 'steinwender Jan-Philipp', 19, '5bhit' );
Apr 04, 2017 1:53:33 PM node.Node1 log
FINEST: Station: nck
Apr 04, 2017 1:53:34 PM node.Node1 log
FINEST: Transaction manager: done
Apr 04, 2017 2:03:01 PM node.Node1 <init>
SEVERE: Node 1 started -- 2017.04.04_14:03:01
Apr 04, 2017 2:03:12 PM node.Node1 log
FINEST: Transaction manager: prepare
Apr 04, 2017 2:03:12 PM node.Node1 log
FINEST: Station: yes
Apr 04, 2017 2:03:13 PM node.Node1 log
FINEST: Transaction manager: INSERT INTO schueler (ID,NAME,AGE,class) VALUES (2, 'steinwender Jan-Philipp', 19, '5bhit' );
Apr 04, 2017 2:03:13 PM node.Node1 log
FINEST: Station: nck
Apr 04, 2017 2:04:00 PM node.Node1 <init>
SEVERE: Node 1 started -- 2017.04.04_14:04:00
Apr 04, 2017 2:04:19 PM node.Node1 log
FINEST: Transaction manager: prepare
Apr 04, 2017 2:04:20 PM node.Node1 log
FINEST: Station: yes
Apr 04, 2017 2:04:21 PM node.Node1 log
FINEST: Transaction manager: INSERT INTO schueler (ID,NAME,AGE,class) VALUES (2, 'steinwender Jan-Philipp', 19, '5bhit' );
Apr 04, 2017 2:04:21 PM node.Node1 log
FINEST: Station: nck
Apr 04, 2017 2:04:22 PM node.Node1 log
FINEST: Transaction manager: done
Apr 04, 2017 2:05:46 PM node.Node1 <init>
SEVERE: Node 1 started -- 2017.04.04_14:05:46
Apr 04, 2017 2:05:54 PM node.Node1 log
FINEST: Transaction manager: prepare
Apr 04, 2017 2:05:54 PM node.Node1 log
FINEST: Station: yes
Apr 04, 2017 2:07:50 PM node.Node1 <init>
SEVERE: Node 1 started -- 2017.04.04_14:07:50
Apr 04, 2017 2:08:11 PM node.Node1 log
FINEST: Transaction manager: prepare
Apr 04, 2017 2:08:11 PM node.Node1 log
FINEST: Station: yes
Apr 04, 2017 2:08:12 PM node.Node1 log
FINEST: Transaction manager: INSERT INTO schueler 2, 'steinwender Jan-Philipp', 19, '5bhit' ;
Apr 04, 2017 2:08:12 PM node.Node1 log
FINEST: Station: nck
Apr 04, 2017 2:08:13 PM node.Node1 log
FINEST: Transaction manager: done
Apr 04, 2017 2:22:30 PM node.Node1 <init>
SEVERE: Node 1 started -- 2017.04.04_14:22:30
Apr 04, 2017 2:23:06 PM node.Node1 log
FINEST: Transaction manager: prepare
Apr 04, 2017 2:23:06 PM node.Node1 log
FINEST: Station: yes
Apr 04, 2017 2:23:36 PM node.Node1 <init>
SEVERE: Node 1 started -- 2017.04.04_14:23:36
Apr 04, 2017 2:24:02 PM node.Node1 log
FINEST: Transaction manager: prepare
Apr 04, 2017 2:24:02 PM node.Node1 log
FINEST: Station: yes
Apr 04, 2017 2:26:52 PM node.Node1 <init>
SEVERE: Node 1 started -- 2017.04.04_14:26:52
Apr 04, 2017 2:27:10 PM node.Node1 log
FINEST: Transaction manager: prepare
Apr 04, 2017 2:27:10 PM node.Node1 log
FINEST: Station: yes
Apr 04, 2017 2:27:11 PM node.Node1 log
FINEST: Transaction manager: INSERT INTO schueler (ID,NAME,AGE,class) VALUES (5, 'steinwender Jan-Philipp', 19, '5bhit' );
Apr 04, 2017 2:27:11 PM node.Node1 log
FINEST: Station: ack
Apr 04, 2017 2:27:12 PM node.Node1 log
FINEST: Transaction manager: done
Apr 04, 2017 2:29:15 PM node.Node1 <init>
SEVERE: Node 1 started -- 2017.04.04_14:29:15
Apr 04, 2017 2:29:25 PM node.Node1 <init>
SEVERE: Node 1 started -- 2017.04.04_14:29:25
Apr 04, 2017 2:29:48 PM node.Node1 log
FINEST: Transaction manager: prepare
Apr 04, 2017 2:29:48 PM node.Node1 log
FINEST: Station: yes
Apr 04, 2017 2:30:16 PM node.Node1 <init>
SEVERE: Node 1 started -- 2017.04.04_14:30:16
Apr 04, 2017 2:30:25 PM node.Node1 log
FINEST: Transaction manager: prepare
Apr 04, 2017 2:30:25 PM node.Node1 log
FINEST: Station: yes
Apr 04, 2017 2:30:26 PM node.Node1 log
FINEST: Transaction manager: INSERT INTO schueler (ID,NAME,AGE,class) VALUES (7, 'steinwender Jan-Philipp', 19, '5bhit' );
Apr 04, 2017 2:30:26 PM node.Node1 log
FINEST: Station: ack
Apr 04, 2017 2:30:45 PM node.Node1 <init>
SEVERE: Node 1 started -- 2017.04.04_14:30:45
Apr 04, 2017 2:31:09 PM node.Node1 log
FINEST: Transaction manager: prepare
Apr 04, 2017 2:31:10 PM node.Node1 log
FINEST: Station: yes
Apr 04, 2017 2:31:11 PM node.Node1 log
FINEST: Transaction manager: INSERT INTO schueler (ID,NAME,AGE,class) VALUES (8, 'steinwender Jan-Philipp', 19, '5bhit' );
Apr 04, 2017 2:31:11 PM node.Node1 log
FINEST: Station: ack
Apr 04, 2017 2:31:12 PM node.Node1 log
FINEST: Transaction manager: done
